<?xml version="1.0" encoding="utf-8"?><testsuites><testsuite name="selenium-pytest" errors="0" failures="0" skipped="0" tests="3" time="3.962" timestamp="2025-01-16T02:57:12.698246+00:00" hostname="fv-az1276-301"><testcase classname="tests.e2e.account.test_coffecart.TestShoppingCartCoffe" name="test_should_add_to_card" time="2.183" /><testcase classname="tests.e2e.account.test_login.TestLogin" name="test_1_should_login_successfull_with_valid_credentials" time="0.760" /><testcase classname="tests.e2e.playground.test_close_popups.TestClosePopups" name="test_should_display_message_when_closing_popup" time="0.990" /></testsuite></testsuites>